<?xml version="1.0" encoding="UTF-8"?><testsuite errors="1" failures="0" name="Customer do login and he finish to buy" skipped="0" tests="1" time="4.34" timestamp="2024-10-25 12:40:59"><testcase name="Do login in SauceDemo and finish to buy"><error message="Connection refused: connect" type="java.net.ConnectException">Connection refused: connect</error><system-err>Connection refused: connect&#13;
okhttp3.internal.platform.Platform.connectSocket(Platform.java:125)&#13;
okhttp3.internal.connection.RealConnection.connectSocket(RealConnection.java:238)&#13;
okhttp3.internal.connection.RealConnection.connect(RealConnection.java:158)&#13;
okhttp3.internal.connection.StreamAllocation.findConnection(StreamAllocation.java:256)&#13;
okhttp3.internal.connection.StreamAllocation.findHealthyConnection(StreamAllocation.java:134)&#13;
okhttp3.internal.connection.StreamAllocation.newStream(StreamAllocation.java:113)&#13;
okhttp3.internal.connection.ConnectInterceptor.intercept(ConnectInterceptor.java:42)&#13;
okhttp3.internal.http.RealInterceptorChain.proceed(RealInterceptorChain.java:147)&#13;
okhttp3.internal.http.RealInterceptorChain.proceed(RealInterceptorChain.java:121)&#13;
okhttp3.internal.cache.CacheInterceptor.intercept(CacheInterceptor.java:93)&#13;
okhttp3.internal.http.RealInterceptorChain.proceed(RealInterceptorChain.java:147)&#13;
okhttp3.internal.http.RealInterceptorChain.proceed(RealInterceptorChain.java:121)&#13;
okhttp3.internal.http.BridgeInterceptor.intercept(BridgeInterceptor.java:93)&#13;
okhttp3.internal.http.RealInterceptorChain.proceed(RealInterceptorChain.java:147)&#13;
okhttp3.internal.http.RetryAndFollowUpInterceptor.intercept(RetryAndFollowUpInterceptor.java:125)&#13;
okhttp3.internal.http.RealInterceptorChain.proceed(RealInterceptorChain.java:147)&#13;
okhttp3.internal.http.RealInterceptorChain.proceed(RealInterceptorChain.java:121)&#13;
okhttp3.RealCall.getResponseWithInterceptorChain(RealCall.java:200)&#13;
okhttp3.RealCall.execute(RealCall.java:77)&#13;
io.appium.java_client.remote.AppiumCommandExecutor.createSession(AppiumCommandExecutor.java:209)&#13;
io.appium.java_client.remote.AppiumCommandExecutor.execute(AppiumCommandExecutor.java:231)&#13;
io.appium.java_client.DefaultGenericMobileDriver.execute(DefaultGenericMobileDriver.java:42)&#13;
io.appium.java_client.AppiumDriver.execute(AppiumDriver.java:1)&#13;
io.appium.java_client.DefaultGenericMobileDriver.&lt;init&gt;(DefaultGenericMobileDriver.java:38)&#13;
io.appium.java_client.AppiumDriver.&lt;init&gt;(AppiumDriver.java:84)&#13;
io.appium.java_client.AppiumDriver.&lt;init&gt;(AppiumDriver.java:94)&#13;
com.swaglabs.app.drivers.DriverAppium.yourBrowser(DriverAppium.java:25)&#13;
com.swaglabs.app.stepdenitions.ComprasStepDefinitions.userOpensAppSwaglabs(ComprasStepDefinitions.java:30)&#13;
cucumber.runner.UnskipableStep.executeStep(UnskipableStep.java:22)&#13;
cucumber.runner.Runner.runPickle(Runner.java:80)&#13;
</system-err></testcase></testsuite>